2019-04-05T03:16:23+00:00 CRITICAL Uncaught Error: Call to undefined function get_user_to_edit() in C:\xampp\htdocs\AHT\WordPress\wp-content\themes\storefront\functions.php:109
Stack trace:
#0 C:\xampp\htdocs\AHT\WordPress\wp-includes\class-wp-widget.php(378): wpb_widget->widget(Array, Array)
#1 C:\xampp\htdocs\AHT\WordPress\wp-includes\widgets.php(770): WP_Widget->display_callback(Array, Array)
#2 C:\xampp\htdocs\AHT\WordPress\wp-content\themes\storefront\sidebar.php(14): dynamic_sidebar('sidebar-1')
#3 C:\xampp\htdocs\AHT\WordPress\wp-includes\template.php(704): require_once('C:\\xampp\\htdocs...')
#4 C:\xampp\htdocs\AHT\WordPress\wp-includes\template.php(653): load_template('C:\\xampp\\htdocs...', true)
#5 C:\xampp\htdocs\AHT\WordPress\wp-includes\general-template.php(111): locate_template(Array, true)
#6 C:\xampp\htdocs\AHT\WordPress\wp-content\themes\storefront\inc\storefront-template-functions.php(610): get_sidebar()
#7 C:\xampp\htdocs\AHT\WordPress\wp-includes\class-wp-hook.php(286): storefront_get_sidebar('')
#8 C:\xampp\htdocs\AHT\Wor in C:\xampp\htdocs\AHT\WordPress\wp-content\themes\storefront\functions.php on line 109

2019-04-05T03:30:23+00:00 CRITICAL syntax error, unexpected '}' in C:\xampp\htdocs\AHT\WordPress\wp-content\themes\storefront\functions.php on line 133

2019-04-05T03:37:42+00:00 CRITICAL Uncaught Error: Call to a member function get_billing_email() on null in C:\xampp\htdocs\AHT\WordPress\wp-content\themes\storefront\functions.php:109
Stack trace:
#0 C:\xampp\htdocs\AHT\WordPress\wp-includes\class-wp-widget.php(378): wpb_widget->widget(Array, Array)
#1 C:\xampp\htdocs\AHT\WordPress\wp-includes\widgets.php(770): WP_Widget->display_callback(Array, Array)
#2 C:\xampp\htdocs\AHT\WordPress\wp-content\themes\storefront\sidebar.php(14): dynamic_sidebar('sidebar-1')
#3 C:\xampp\htdocs\AHT\WordPress\wp-includes\template.php(704): require_once('C:\\xampp\\htdocs...')
#4 C:\xampp\htdocs\AHT\WordPress\wp-includes\template.php(653): load_template('C:\\xampp\\htdocs...', true)
#5 C:\xampp\htdocs\AHT\WordPress\wp-includes\general-template.php(111): locate_template(Array, true)
#6 C:\xampp\htdocs\AHT\WordPress\wp-content\themes\storefront\inc\storefront-template-functions.php(610): get_sidebar()
#7 C:\xampp\htdocs\AHT\WordPress\wp-includes\class-wp-hook.php(286): storefront_get_sidebar('')
#8 C:\xampp\htdocs in C:\xampp\htdocs\AHT\WordPress\wp-content\themes\storefront\functions.php on line 109

2019-04-05T03:46:23+00:00 CRITICAL Uncaught Error: Call to a member function get_formatted_billing_address() on null in C:\xampp\htdocs\AHT\WordPress\wp-content\themes\storefront\functions.php:112
Stack trace:
#0 C:\xampp\htdocs\AHT\WordPress\wp-includes\class-wp-widget.php(378): wpb_widget->widget(Array, Array)
#1 C:\xampp\htdocs\AHT\WordPress\wp-includes\widgets.php(770): WP_Widget->display_callback(Array, Array)
#2 C:\xampp\htdocs\AHT\WordPress\wp-content\themes\storefront\sidebar.php(14): dynamic_sidebar('sidebar-1')
#3 C:\xampp\htdocs\AHT\WordPress\wp-includes\template.php(704): require_once('C:\\xampp\\htdocs...')
#4 C:\xampp\htdocs\AHT\WordPress\wp-includes\template.php(653): load_template('C:\\xampp\\htdocs...', true)
#5 C:\xampp\htdocs\AHT\WordPress\wp-includes\general-template.php(111): locate_template(Array, true)
#6 C:\xampp\htdocs\AHT\WordPress\wp-content\themes\storefront\inc\storefront-template-functions.php(610): get_sidebar()
#7 C:\xampp\htdocs\AHT\WordPress\wp-includes\class-wp-hook.php(286): storefront_get_sidebar('')
#8 C:\ in C:\xampp\htdocs\AHT\WordPress\wp-content\themes\storefront\functions.php on line 112

2019-04-05T03:47:08+00:00 CRITICAL Uncaught Error: Call to a member function get_billing_email() on null in C:\xampp\htdocs\AHT\WordPress\wp-content\themes\storefront\functions.php:112
Stack trace:
#0 C:\xampp\htdocs\AHT\WordPress\wp-includes\class-wp-widget.php(378): wpb_widget->widget(Array, Array)
#1 C:\xampp\htdocs\AHT\WordPress\wp-includes\widgets.php(770): WP_Widget->display_callback(Array, Array)
#2 C:\xampp\htdocs\AHT\WordPress\wp-content\themes\storefront\sidebar.php(14): dynamic_sidebar('sidebar-1')
#3 C:\xampp\htdocs\AHT\WordPress\wp-includes\template.php(704): require_once('C:\\xampp\\htdocs...')
#4 C:\xampp\htdocs\AHT\WordPress\wp-includes\template.php(653): load_template('C:\\xampp\\htdocs...', true)
#5 C:\xampp\htdocs\AHT\WordPress\wp-includes\general-template.php(111): locate_template(Array, true)
#6 C:\xampp\htdocs\AHT\WordPress\wp-content\themes\storefront\inc\storefront-template-functions.php(610): get_sidebar()
#7 C:\xampp\htdocs\AHT\WordPress\wp-includes\class-wp-hook.php(286): storefront_get_sidebar('')
#8 C:\xampp\htdocs in C:\xampp\htdocs\AHT\WordPress\wp-content\themes\storefront\functions.php on line 112

2019-04-05T04:39:34+00:00 CRITICAL Cannot declare class wpb_widget, because the name is already in use in C:\xampp\htdocs\AHT\WordPress\wp-content\themes\storefront\functions.php on line 220

2019-04-05T04:39:40+00:00 CRITICAL Cannot declare class wpb_widget, because the name is already in use in C:\xampp\htdocs\AHT\WordPress\wp-content\themes\storefront\functions.php on line 220

2019-04-05T04:39:50+00:00 CRITICAL Cannot declare class wpb_widget, because the name is already in use in C:\xampp\htdocs\AHT\WordPress\wp-content\themes\storefront\functions.php on line 220

2019-04-05T09:36:13+00:00 CRITICAL Uncaught Error: Call to undefined function storefront_promoted_products() in C:\xampp\htdocs\AHT\WordPress\wp-content\themes\storefront\404.php:41
Stack trace:
#0 C:\xampp\htdocs\AHT\WordPress\wp-includes\template-loader.php(77): include()
#1 C:\xampp\htdocs\AHT\WordPress\wp-blog-header.php(19): require_once('C:\\xampp\\htdocs...')
#2 C:\xampp\htdocs\AHT\WordPress\index.php(17): require('C:\\xampp\\htdocs...')
#3 {main}
  thrown in C:\xampp\htdocs\AHT\WordPress\wp-content\themes\storefront\404.php on line 41

